Arguments: 
  C:\Program Files\nodejs\node.exe C:\Users\wyzlhf\AppData\Roaming\npm\node_modules\yarn\bin\yarn.js add ts-node typesctipt

PATH: 
  D:\CODE\BLOCKCHAINS\ethers-simple-storage-fcc\node_modules\.bin;C:\Windows\system32;C:\Windows;C:\Windows\System32\Wbem;C:\Windows\System32\WindowsPowerShell\v1.0\;C:\Windows\System32\OpenSSH\;C:\Program Files\nodejs\;C:\Program Files\ffmpeg-2022-07-06\bin;C:\Program Files\Calibre2\;C:\Program Files\dotnet\;C:\Program Files\Ganache;C:\Program Files\protoc-21.4-win64\bin;C:\Program Files\etcd-v3.4.20-windows-amd64;C:\Program Files\dtm-1.16.3;C:\Program Files\Git\cmd;C:\Program Files\Go\bin;C:\Program Files\Consul;C:\Python39;C:\Python39\Scripts;C:\Python39\Lib\site-packages;C:\Python39\Library\bin;;%SystemRoot%\system32;%SystemRoot%;%SystemRoot%\System32\Wbem;%SYSTEMROOT%\System32\WindowsPowerShell\v1.0\;%SYSTEMROOT%\System32\OpenSSH\;C:\Python39\Scripts;C:\Python39;C:\Users\wyzlhf\AppData\Local\Microsoft\WindowsApps;C:\Program Files\JetBrains\GoLand 2021.2\bin;;C:\Program Files\JetBrains\PyCharm 2021.2.2\bin;;C:\Program Files\JetBrains\WebStorm 2021.2.2\bin;;C:\Users\wyzlhf\AppData\Roaming\npm;C:\Users\wyzlhf\AppData\Local\Programs\Microsoft VS Code\bin;C:\Users\wyzlhf\.dotnet\tools;C:\Users\wyzlhf\go\bin;

Yarn version: 
  1.22.19

Node version: 
  16.15.1

Platform: 
  win32 x64

Trace: 
  Error: http://mirrors.cloud.tencent.com/npm/typesctipt: no such package available
      at Request.params.callback [as _callback] (C:\Users\wyzlhf\AppData\Roaming\npm\node_modules\yarn\lib\cli.js:66145:18)
      at Request.self.callback (C:\Users\wyzlhf\AppData\Roaming\npm\node_modules\yarn\lib\cli.js:140890:22)
      at Request.emit (node:events:527:28)
      at Request.<anonymous> (C:\Users\wyzlhf\AppData\Roaming\npm\node_modules\yarn\lib\cli.js:141862:10)
      at Request.emit (node:events:527:28)
      at IncomingMessage.<anonymous> (C:\Users\wyzlhf\AppData\Roaming\npm\node_modules\yarn\lib\cli.js:141784:12)
      at Object.onceWrapper (node:events:641:28)
      at IncomingMessage.emit (node:events:539:35)
      at endReadableNT (node:internal/streams/readable:1345:12)
      at processTicksAndRejections (node:internal/process/task_queues:83:21)

npm manifest: 
  {
      "dependencies": {
          "@types/fs-extra": "^11.0.1",
          "dotenv": "^16.0.3",
          "ethers": "^5.7.2",
          "fs-extra": "^11.1.0",
          "prettier-plugin-solidity": "^1.1.1",
          "solc": "^0.8.17"
      },
      "type": "module",
      "name": "ethers-simple-storage-fcc",
      "version": "1.0.0",
      "main": "deploy.ts",
      "scripts": {
          "test": "echo \"Error: no test specified\" && exit 1",
          "compile": "yarn solcjs --bin --abi --include-path node_modules/ --base-path . -o . SimpleStorage.sol"
      },
      "keywords": [],
      "author": "",
      "license": "ISC",
      "description": ""
  }

yarn manifest: 
  No manifest

Lockfile: 
  # THIS IS AN AUTOGENERATED FILE. DO NOT EDIT THIS FILE DIRECTLY.
  # yarn lockfile v1
  
  
  "@ethersproject/abi@^5.7.0", "@ethersproject/abi@5.7.0":
    "integrity" "sha512-351ktp42TiRcYB3H1OP8yajPeAQstMW/yCFokj/AthP9bLHzQFPlOrxOcwYEDkUAICmOHljvN4K39OMTMUa9RA=="
    "resolved" "https://mirrors.cloud.tencent.com/npm/@ethersproject%2fabi/-/abi-5.7.0.tgz"
    "version" "5.7.0"
    dependencies:
      "@ethersproject/address" "^5.7.0"
      "@ethersproject/bignumber" "^5.7.0"
      "@ethersproject/bytes" "^5.7.0"
      "@ethersproject/constants" "^5.7.0"
      "@ethersproject/hash" "^5.7.0"
      "@ethersproject/keccak256" "^5.7.0"
      "@ethersproject/logger" "^5.7.0"
      "@ethersproject/properties" "^5.7.0"
      "@ethersproject/strings" "^5.7.0"
  
  "@ethersproject/abstract-provider@^5.7.0", "@ethersproject/abstract-provider@5.7.0":
    "integrity" "sha512-R41c9UkchKCpAqStMYUpdunjo3pkEvZC3FAwZn5S5MGbXoMQOHIdHItezTETxAO5bevtMApSyEhn9+CHcDsWBw=="
    "resolved" "https://mirrors.cloud.tencent.com/npm/@ethersproject%2fabstract-provider/-/abstract-provider-5.7.0.tgz"
    "version" "5.7.0"
    dependencies:
      "@ethersproject/bignumber" "^5.7.0"
      "@ethersproject/bytes" "^5.7.0"
      "@ethersproject/logger" "^5.7.0"
      "@ethersproject/networks" "^5.7.0"
      "@ethersproject/properties" "^5.7.0"
      "@ethersproject/transactions" "^5.7.0"
      "@ethersproject/web" "^5.7.0"
  
  "@ethersproject/abstract-signer@^5.7.0", "@ethersproject/abstract-signer@5.7.0":
    "integrity" "sha512-a16V8bq1/Cz+TGCkE2OPMTOUDLS3grCpdjoJCYNnVBbdYEMSgKrU0+B90s8b6H+ByYTBZN7a3g76jdIJi7UfKQ=="
    "resolved" "https://mirrors.cloud.tencent.com/npm/@ethersproject%2fabstract-signer/-/abstract-signer-5.7.0.tgz"
    "version" "5.7.0"
    dependencies:
      "@ethersproject/abstract-provider" "^5.7.0"
      "@ethersproject/bignumber" "^5.7.0"
      "@ethersproject/bytes" "^5.7.0"
      "@ethersproject/logger" "^5.7.0"
      "@ethersproject/properties" "^5.7.0"
  
  "@ethersproject/address@^5.7.0", "@ethersproject/address@5.7.0":
    "integrity" "sha512-9wYhYt7aghVGo758POM5nqcOMaE168Q6aRLJZwUmiqSrAungkG74gSSeKEIR7ukixesdRZGPgVqme6vmxs1fkA=="
    "resolved" "https://mirrors.cloud.tencent.com/npm/@ethersproject%2faddress/-/address-5.7.0.tgz"
    "version" "5.7.0"
    dependencies:
      "@ethersproject/bignumber" "^5.7.0"
      "@ethersproject/bytes" "^5.7.0"
      "@ethersproject/keccak256" "^5.7.0"
      "@ethersproject/logger" "^5.7.0"
      "@ethersproject/rlp" "^5.7.0"
  
  "@ethersproject/base64@^5.7.0", "@ethersproject/base64@5.7.0":
    "integrity" "sha512-Dr8tcHt2mEbsZr/mwTPIQAf3Ai0Bks/7gTw9dSqk1mQvhW3XvRlmDJr/4n+wg1JmCl16NZue17CDh8xb/vZ0sQ=="
    "resolved" "https://mirrors.cloud.tencent.com/npm/@ethersproject%2fbase64/-/base64-5.7.0.tgz"
    "version" "5.7.0"
    dependencies:
      "@ethersproject/bytes" "^5.7.0"
  
  "@ethersproject/basex@^5.7.0", "@ethersproject/basex@5.7.0":
    "integrity" "sha512-ywlh43GwZLv2Voc2gQVTKBoVQ1mti3d8HK5aMxsfu/nRDnMmNqaSJ3r3n85HBByT8OpoY96SXM1FogC533T4zw=="
    "resolved" "https://mirrors.cloud.tencent.com/npm/@ethersproject%2fbasex/-/basex-5.7.0.tgz"
    "version" "5.7.0"
    dependencies:
      "@ethersproject/bytes" "^5.7.0"
      "@ethersproject/properties" "^5.7.0"
  
  "@ethersproject/bignumber@^5.7.0", "@ethersproject/bignumber@5.7.0":
    "integrity" "sha512-n1CAdIHRWjSucQO3MC1zPSVgV/6dy/fjL9pMrPP9peL+QxEg9wOsVqwD4+818B6LUEtaXzVHQiuivzRoxPxUGw=="
    "resolved" "https://mirrors.cloud.tencent.com/npm/@ethersproject%2fbignumber/-/bignumber-5.7.0.tgz"
    "version" "5.7.0"
    dependencies:
      "@ethersproject/bytes" "^5.7.0"
      "@ethersproject/logger" "^5.7.0"
      "bn.js" "^5.2.1"
  
  "@ethersproject/bytes@^5.7.0", "@ethersproject/bytes@5.7.0":
    "integrity" "sha512-nsbxwgFXWh9NyYWo+U8atvmMsSdKJprTcICAkvbBffT75qDocbuggBU0SJiVK2MuTrp0q+xvLkTnGMPK1+uA9A=="
    "resolved" "https://mirrors.cloud.tencent.com/npm/@ethersproject%2fbytes/-/bytes-5.7.0.tgz"
    "version" "5.7.0"
    dependencies:
      "@ethersproject/logger" "^5.7.0"
  
  "@ethersproject/constants@^5.7.0", "@ethersproject/constants@5.7.0":
    "integrity" "sha512-DHI+y5dBNvkpYUMiRQyxRBYBefZkJfo70VUkUAsRjcPs47muV9evftfZ0PJVCXYbAiCgght0DtcF9srFQmIgWA=="
    "resolved" "https://mirrors.cloud.tencent.com/npm/@ethersproject%2fconstants/-/constants-5.7.0.tgz"
    "version" "5.7.0"
    dependencies:
      "@ethersproject/bignumber" "^5.7.0"
  
  "@ethersproject/contracts@5.7.0":
    "integrity" "sha512-5GJbzEU3X+d33CdfPhcyS+z8MzsTrBGk/sc+G+59+tPa9yFkl6HQ9D6L0QMgNTA9q8dT0XKxxkyp883XsQvbbg=="
    "resolved" "https://mirrors.cloud.tencent.com/npm/@ethersproject%2fcontracts/-/contracts-5.7.0.tgz"
    "version" "5.7.0"
    dependencies:
      "@ethersproject/abi" "^5.7.0"
      "@ethersproject/abstract-provider" "^5.7.0"
      "@ethersproject/abstract-signer" "^5.7.0"
      "@ethersproject/address" "^5.7.0"
      "@ethersproject/bignumber" "^5.7.0"
      "@ethersproject/bytes" "^5.7.0"
      "@ethersproject/constants" "^5.7.0"
      "@ethersproject/logger" "^5.7.0"
      "@ethersproject/properties" "^5.7.0"
      "@ethersproject/transactions" "^5.7.0"
  
  "@ethersproject/hash@^5.7.0", "@ethersproject/hash@5.7.0":
    "integrity" "sha512-qX5WrQfnah1EFnO5zJv1v46a8HW0+E5xuBBDTwMFZLuVTx0tbU2kkx15NqdjxecrLGatQN9FGQKpb1FKdHCt+g=="
    "resolved" "https://mirrors.cloud.tencent.com/npm/@ethersproject%2fhash/-/hash-5.7.0.tgz"
    "version" "5.7.0"
    dependencies:
      "@ethersproject/abstract-signer" "^5.7.0"
      "@ethersproject/address" "^5.7.0"
      "@ethersproject/base64" "^5.7.0"
      "@ethersproject/bignumber" "^5.7.0"
      "@ethersproject/bytes" "^5.7.0"
      "@ethersproject/keccak256" "^5.7.0"
      "@ethersproject/logger" "^5.7.0"
      "@ethersproject/properties" "^5.7.0"
      "@ethersproject/strings" "^5.7.0"
  
  "@ethersproject/hdnode@^5.7.0", "@ethersproject/hdnode@5.7.0":
    "integrity" "sha512-OmyYo9EENBPPf4ERhR7oj6uAtUAhYGqOnIS+jE5pTXvdKBS99ikzq1E7Iv0ZQZ5V36Lqx1qZLeak0Ra16qpeOg=="
    "resolved" "https://mirrors.cloud.tencent.com/npm/@ethersproject%2fhdnode/-/hdnode-5.7.0.tgz"
    "version" "5.7.0"
    dependencies:
      "@ethersproject/abstract-signer" "^5.7.0"
      "@ethersproject/basex" "^5.7.0"
      "@ethersproject/bignumber" "^5.7.0"
      "@ethersproject/bytes" "^5.7.0"
      "@ethersproject/logger" "^5.7.0"
      "@ethersproject/pbkdf2" "^5.7.0"
      "@ethersproject/properties" "^5.7.0"
      "@ethersproject/sha2" "^5.7.0"
      "@ethersproject/signing-key" "^5.7.0"
      "@ethersproject/strings" "^5.7.0"
      "@ethersproject/transactions" "^5.7.0"
      "@ethersproject/wordlists" "^5.7.0"
  
  "@ethersproject/json-wallets@^5.7.0", "@ethersproject/json-wallets@5.7.0":
    "integrity" "sha512-8oee5Xgu6+RKgJTkvEMl2wDgSPSAQ9MB/3JYjFV9jlKvcYHUXZC+cQp0njgmxdHkYWn8s6/IqIZYm0YWCjO/0g=="
    "resolved" "https://mirrors.cloud.tencent.com/npm/@ethersproject%2fjson-wallets/-/json-wallets-5.7.0.tgz"
    "version" "5.7.0"
    dependencies:
      "@ethersproject/abstract-signer" "^5.7.0"
      "@ethersproject/address" "^5.7.0"
      "@ethersproject/bytes" "^5.7.0"
      "@ethersproject/hdnode" "^5.7.0"
      "@ethersproject/keccak256" "^5.7.0"
      "@ethersproject/logger" "^5.7.0"
      "@ethersproject/pbkdf2" "^5.7.0"
      "@ethersproject/properties" "^5.7.0"
      "@ethersproject/random" "^5.7.0"
      "@ethersproject/strings" "^5.7.0"
      "@ethersproject/transactions" "^5.7.0"
      "aes-js" "3.0.0"
      "scrypt-js" "3.0.1"
  
  "@ethersproject/keccak256@^5.7.0", "@ethersproject/keccak256@5.7.0":
    "integrity" "sha512-2UcPboeL/iW+pSg6vZ6ydF8tCnv3Iu/8tUmLLzWWGzxWKFFqOBQFLo6uLUv6BDrLgCDfN28RJ/wtByx+jZ4KBg=="
    "resolved" "https://mirrors.cloud.tencent.com/npm/@ethersproject%2fkeccak256/-/keccak256-5.7.0.tgz"
    "version" "5.7.0"
    dependencies:
      "@ethersproject/bytes" "^5.7.0"
      "js-sha3" "0.8.0"
  
  "@ethersproject/logger@^5.7.0", "@ethersproject/logger@5.7.0":
    "integrity" "sha512-0odtFdXu/XHtjQXJYA3u9G0G8btm0ND5Cu8M7i5vhEcE8/HmF4Lbdqanwyv4uQTr2tx6b7fQRmgLrsnpQlmnig=="
    "resolved" "https://mirrors.cloud.tencent.com/npm/@ethersproject%2flogger/-/logger-5.7.0.tgz"
    "version" "5.7.0"
  
  "@ethersproject/networks@^5.7.0", "@ethersproject/networks@5.7.1":
    "integrity" "sha512-n/MufjFYv3yFcUyfhnXotyDlNdFb7onmkSy8aQERi2PjNcnWQ66xXxa3XlS8nCcA8aJKJjIIMNJTC7tu80GwpQ=="
    "resolved" "https://mirrors.cloud.tencent.com/npm/@ethersproject%2fnetworks/-/networks-5.7.1.tgz"
    "version" "5.7.1"
    dependencies:
      "@ethersproject/logger" "^5.7.0"
  
  "@ethersproject/pbkdf2@^5.7.0", "@ethersproject/pbkdf2@5.7.0":
    "integrity" "sha512-oR/dBRZR6GTyaofd86DehG72hY6NpAjhabkhxgr3X2FpJtJuodEl2auADWBZfhDHgVCbu3/H/Ocq2uC6dpNjjw=="
    "resolved" "https://mirrors.cloud.tencent.com/npm/@ethersproject%2fpbkdf2/-/pbkdf2-5.7.0.tgz"
    "version" "5.7.0"
    dependencies:
      "@ethersproject/bytes" "^5.7.0"
      "@ethersproject/sha2" "^5.7.0"
  
  "@ethersproject/properties@^5.7.0", "@ethersproject/properties@5.7.0":
    "integrity" "sha512-J87jy8suntrAkIZtecpxEPxY//szqr1mlBaYlQ0r4RCaiD2hjheqF9s1LVE8vVuJCXisjIP+JgtK/Do54ej4Sw=="
    "resolved" "https://mirrors.cloud.tencent.com/npm/@ethersproject%2fproperties/-/properties-5.7.0.tgz"
    "version" "5.7.0"
    dependencies:
      "@ethersproject/logger" "^5.7.0"
  
  "@ethersproject/providers@5.7.2":
    "integrity" "sha512-g34EWZ1WWAVgr4aptGlVBF8mhl3VWjv+8hoAnzStu8Ah22VHBsuGzP17eb6xDVRzw895G4W7vvx60lFFur/1Rg=="
    "resolved" "https://mirrors.cloud.tencent.com/npm/@ethersproject%2fproviders/-/providers-5.7.2.tgz"
    "version" "5.7.2"
    dependencies:
      "@ethersproject/abstract-provider" "^5.7.0"
      "@ethersproject/abstract-signer" "^5.7.0"
      "@ethersproject/address" "^5.7.0"
      "@ethersproject/base64" "^5.7.0"
      "@ethersproject/basex" "^5.7.0"
      "@ethersproject/bignumber" "^5.7.0"
      "@ethersproject/bytes" "^5.7.0"
      "@ethersproject/constants" "^5.7.0"
      "@ethersproject/hash" "^5.7.0"
      "@ethersproject/logger" "^5.7.0"
      "@ethersproject/networks" "^5.7.0"
      "@ethersproject/properties" "^5.7.0"
      "@ethersproject/random" "^5.7.0"
      "@ethersproject/rlp" "^5.7.0"
      "@ethersproject/sha2" "^5.7.0"
      "@ethersproject/strings" "^5.7.0"
      "@ethersproject/transactions" "^5.7.0"
      "@ethersproject/web" "^5.7.0"
      "bech32" "1.1.4"
      "ws" "7.4.6"
  
  "@ethersproject/random@^5.7.0", "@ethersproject/random@5.7.0":
    "integrity" "sha512-19WjScqRA8IIeWclFme75VMXSBvi4e6InrUNuaR4s5pTF2qNhcGdCUwdxUVGtDDqC00sDLCO93jPQoDUH4HVmQ=="
    "resolved" "https://mirrors.cloud.tencent.com/npm/@ethersproject%2frandom/-/random-5.7.0.tgz"
    "version" "5.7.0"
    dependencies:
      "@ethersproject/bytes" "^5.7.0"
      "@ethersproject/logger" "^5.7.0"
  
  "@ethersproject/rlp@^5.7.0", "@ethersproject/rlp@5.7.0":
    "integrity" "sha512-rBxzX2vK8mVF7b0Tol44t5Tb8gomOHkj5guL+HhzQ1yBh/ydjGnpw6at+X6Iw0Kp3OzzzkcKp8N9r0W4kYSs9w=="
    "resolved" "https://mirrors.cloud.tencent.com/npm/@ethersproject%2frlp/-/rlp-5.7.0.tgz"
    "version" "5.7.0"
    dependencies:
      "@ethersproject/bytes" "^5.7.0"
      "@ethersproject/logger" "^5.7.0"
  
  "@ethersproject/sha2@^5.7.0", "@ethersproject/sha2@5.7.0":
    "integrity" "sha512-gKlH42riwb3KYp0reLsFTokByAKoJdgFCwI+CCiX/k+Jm2mbNs6oOaCjYQSlI1+XBVejwH2KrmCbMAT/GnRDQw=="
    "resolved" "https://mirrors.cloud.tencent.com/npm/@ethersproject%2fsha2/-/sha2-5.7.0.tgz"
    "version" "5.7.0"
    dependencies:
      "@ethersproject/bytes" "^5.7.0"
      "@ethersproject/logger" "^5.7.0"
      "hash.js" "1.1.7"
  
  "@ethersproject/signing-key@^5.7.0", "@ethersproject/signing-key@5.7.0":
    "integrity" "sha512-MZdy2nL3wO0u7gkB4nA/pEf8lu1TlFswPNmy8AiYkfKTdO6eXBJyUdmHO/ehm/htHw9K/qF8ujnTyUAD+Ry54Q=="
    "resolved" "https://mirrors.cloud.tencent.com/npm/@ethersproject%2fsigning-key/-/signing-key-5.7.0.tgz"
    "version" "5.7.0"
    dependencies:
      "@ethersproject/bytes" "^5.7.0"
      "@ethersproject/logger" "^5.7.0"
      "@ethersproject/properties" "^5.7.0"
      "bn.js" "^5.2.1"
      "elliptic" "6.5.4"
      "hash.js" "1.1.7"
  
  "@ethersproject/solidity@5.7.0":
    "integrity" "sha512-HmabMd2Dt/raavyaGukF4XxizWKhKQ24DoLtdNbBmNKUOPqwjsKQSdV9GQtj9CBEea9DlzETlVER1gYeXXBGaA=="
    "resolved" "https://mirrors.cloud.tencent.com/npm/@ethersproject%2fsolidity/-/solidity-5.7.0.tgz"
    "version" "5.7.0"
    dependencies:
      "@ethersproject/bignumber" "^5.7.0"
      "@ethersproject/bytes" "^5.7.0"
      "@ethersproject/keccak256" "^5.7.0"
      "@ethersproject/logger" "^5.7.0"
      "@ethersproject/sha2" "^5.7.0"
      "@ethersproject/strings" "^5.7.0"
  
  "@ethersproject/strings@^5.7.0", "@ethersproject/strings@5.7.0":
    "integrity" "sha512-/9nu+lj0YswRNSH0NXYqrh8775XNyEdUQAuf3f+SmOrnVewcJ5SBNAjF7lpgehKi4abvNNXyf+HX86czCdJ8Mg=="
    "resolved" "https://mirrors.cloud.tencent.com/npm/@ethersproject%2fstrings/-/strings-5.7.0.tgz"
    "version" "5.7.0"
    dependencies:
      "@ethersproject/bytes" "^5.7.0"
      "@ethersproject/constants" "^5.7.0"
      "@ethersproject/logger" "^5.7.0"
  
  "@ethersproject/transactions@^5.7.0", "@ethersproject/transactions@5.7.0":
    "integrity" "sha512-kmcNicCp1lp8qanMTC3RIikGgoJ80ztTyvtsFvCYpSCfkjhD0jZ2LOrnbcuxuToLIUYYf+4XwD1rP+B/erDIhQ=="
    "resolved" "https://mirrors.cloud.tencent.com/npm/@ethersproject%2ftransactions/-/transactions-5.7.0.tgz"
    "version" "5.7.0"
    dependencies:
      "@ethersproject/address" "^5.7.0"
      "@ethersproject/bignumber" "^5.7.0"
      "@ethersproject/bytes" "^5.7.0"
      "@ethersproject/constants" "^5.7.0"
      "@ethersproject/keccak256" "^5.7.0"
      "@ethersproject/logger" "^5.7.0"
      "@ethersproject/properties" "^5.7.0"
      "@ethersproject/rlp" "^5.7.0"
      "@ethersproject/signing-key" "^5.7.0"
  
  "@ethersproject/units@5.7.0":
    "integrity" "sha512-pD3xLMy3SJu9kG5xDGI7+xhTEmGXlEqXU4OfNapmfnxLVY4EMSSRp7j1k7eezutBPH7RBN/7QPnwR7hzNlEFeg=="
    "resolved" "https://mirrors.cloud.tencent.com/npm/@ethersproject%2funits/-/units-5.7.0.tgz"
    "version" "5.7.0"
    dependencies:
      "@ethersproject/bignumber" "^5.7.0"
      "@ethersproject/constants" "^5.7.0"
      "@ethersproject/logger" "^5.7.0"
  
  "@ethersproject/wallet@5.7.0":
    "integrity" "sha512-MhmXlJXEJFBFVKrDLB4ZdDzxcBxQ3rLyCkhNqVu3CDYvR97E+8r01UgrI+TI99Le+aYm/in/0vp86guJuM7FCA=="
    "resolved" "https://mirrors.cloud.tencent.com/npm/@ethersproject%2fwallet/-/wallet-5.7.0.tgz"
    "version" "5.7.0"
    dependencies:
      "@ethersproject/abstract-provider" "^5.7.0"
      "@ethersproject/abstract-signer" "^5.7.0"
      "@ethersproject/address" "^5.7.0"
      "@ethersproject/bignumber" "^5.7.0"
      "@ethersproject/bytes" "^5.7.0"
      "@ethersproject/hash" "^5.7.0"
      "@ethersproject/hdnode" "^5.7.0"
      "@ethersproject/json-wallets" "^5.7.0"
      "@ethersproject/keccak256" "^5.7.0"
      "@ethersproject/logger" "^5.7.0"
      "@ethersproject/properties" "^5.7.0"
      "@ethersproject/random" "^5.7.0"
      "@ethersproject/signing-key" "^5.7.0"
      "@ethersproject/transactions" "^5.7.0"
      "@ethersproject/wordlists" "^5.7.0"
  
  "@ethersproject/web@^5.7.0", "@ethersproject/web@5.7.1":
    "integrity" "sha512-Gueu8lSvyjBWL4cYsWsjh6MtMwM0+H4HvqFPZfB6dV8ctbP9zFAO73VG1cMWae0FLPCtz0peKPpZY8/ugJJX2w=="
    "resolved" "https://mirrors.cloud.tencent.com/npm/@ethersproject%2fweb/-/web-5.7.1.tgz"
    "version" "5.7.1"
    dependencies:
      "@ethersproject/base64" "^5.7.0"
      "@ethersproject/bytes" "^5.7.0"
      "@ethersproject/logger" "^5.7.0"
      "@ethersproject/properties" "^5.7.0"
      "@ethersproject/strings" "^5.7.0"
  
  "@ethersproject/wordlists@^5.7.0", "@ethersproject/wordlists@5.7.0":
    "integrity" "sha512-S2TFNJNfHWVHNE6cNDjbVlZ6MgE17MIxMbMg2zv3wn+3XSJGosL1m9ZVv3GXCf/2ymSsQ+hRI5IzoMJTG6aoVA=="
    "resolved" "https://mirrors.cloud.tencent.com/npm/@ethersproject%2fwordlists/-/wordlists-5.7.0.tgz"
    "version" "5.7.0"
    dependencies:
      "@ethersproject/bytes" "^5.7.0"
      "@ethersproject/hash" "^5.7.0"
      "@ethersproject/logger" "^5.7.0"
      "@ethersproject/properties" "^5.7.0"
      "@ethersproject/strings" "^5.7.0"
  
  "@solidity-parser/parser@^0.14.5":
    "integrity" "sha512-6dKnHZn7fg/iQATVEzqyUOyEidbn05q7YA2mQ9hC0MMXhhV3/JrsxmFSYZAcr7j1yUP700LLhTruvJ3MiQmjJg=="
    "resolved" "https://mirrors.cloud.tencent.com/npm/@solidity-parser%2fparser/-/parser-0.14.5.tgz"
    "version" "0.14.5"
    dependencies:
      "antlr4ts" "^0.5.0-alpha.4"
  
  "@types/fs-extra@^11.0.1":
    "integrity" "sha512-MxObHvNl4A69ofaTRU8DFqvgzzv8s9yRtaPPm5gud9HDNvpB3GPQFvNuTWAI59B9huVGV5jXYJwbCsmBsOGYWA=="
    "resolved" "https://mirrors.cloud.tencent.com/npm/@types%2ffs-extra/-/fs-extra-11.0.1.tgz"
    "version" "11.0.1"
    dependencies:
      "@types/jsonfile" "*"
      "@types/node" "*"
  
  "@types/jsonfile@*":
    "integrity" "sha512-GSgiRCVeapDN+3pqA35IkQwasaCh/0YFH5dEF6S88iDvEn901DjOeH3/QPY+XYP1DFzDZPvIvfeEgk+7br5png=="
    "resolved" "https://mirrors.cloud.tencent.com/npm/@types%2fjsonfile/-/jsonfile-6.1.1.tgz"
    "version" "6.1.1"
    dependencies:
      "@types/node" "*"
  
  "@types/node@*":
    "integrity" "sha512-DHQpWGjyQKSHj3ebjFI/wRKcqQcdR+MoFBygntYOZytCqNfkd2ZC4ARDJ2DQqhjH5p85Nnd3jhUJIXrszFX/JA=="
    "resolved" "https://mirrors.cloud.tencent.com/npm/@types%2fnode/-/node-18.11.18.tgz"
    "version" "18.11.18"
  
  "aes-js@3.0.0":
    "integrity" "sha1-4h3xCtbCBTKVvLuNq0Cwnb6ofk0="
    "resolved" "https://mirrors.cloud.tencent.com/npm/aes-js/-/aes-js-3.0.0.tgz"
    "version" "3.0.0"
  
  "antlr4ts@^0.5.0-alpha.4":
    "integrity" "sha512-WPQDt1B74OfPv/IMS2ekXAKkTZIHl88uMetg6q3OTqgFxZ/dxDXI0EWLyZid/1Pe6hTftyg5N7gel5wNAGxXyQ=="
    "resolved" "https://mirrors.cloud.tencent.com/npm/antlr4ts/-/antlr4ts-0.5.0-alpha.4.tgz"
    "version" "0.5.0-alpha.4"
  
  "bech32@1.1.4":
    "integrity" "sha512-s0IrSOzLlbvX7yp4WBfPITzpAU8sqQcpsmwXDiKwrG4r491vwCO/XpejasRNl0piBMe/DvP4Tz0mIS/X1DPJBQ=="
    "resolved" "https://mirrors.cloud.tencent.com/npm/bech32/-/bech32-1.1.4.tgz"
    "version" "1.1.4"
  
  "bn.js@^4.11.9":
    "integrity" "sha512-c98Bf3tPniI+scsdk237ku1Dc3ujXQTSgyiPUDEOe7tRkhrqridvh8klBv0HCEso1OLOYcHuCv/cS6DNxKH+ZA=="
    "resolved" "https://mirrors.cloud.tencent.com/npm/bn.js/-/bn.js-4.12.0.tgz"
    "version" "4.12.0"
  
  "bn.js@^5.2.1":
    "integrity" "sha512-eXRvHzWyYPBuB4NBy0cmYQjGitUrtqwbvlzP3G6VFnNRbsZQIxQ10PbKKHt8gZ/HW/D/747aDl+QkDqg3KQLMQ=="
    "resolved" "https://mirrors.cloud.tencent.com/npm/bn.js/-/bn.js-5.2.1.tgz"
    "version" "5.2.1"
  
  "brorand@^1.1.0":
    "integrity" "sha1-EsJe/kCkXjwyPrhnWgoM5XsiNx8="
    "resolved" "https://mirrors.cloud.tencent.com/npm/brorand/-/brorand-1.1.0.tgz"
    "version" "1.1.0"
  
  "command-exists@^1.2.8":
    "integrity" "sha512-LTQ/SGc+s0Xc0Fu5WaKnR0YiygZkm9eKFvyS+fRsU7/ZWFF8ykFM6Pc9aCVf1+xasOOZpO3BAVgVrKvsqKHV7w=="
    "resolved" "https://mirrors.cloud.tencent.com/npm/command-exists/-/command-exists-1.2.9.tgz"
    "version" "1.2.9"
  
  "commander@^8.1.0":
    "integrity" "sha512-OkTL9umf+He2DZkUq8f8J9of7yL6RJKI24dVITBmNfZBmri9zYZQrKkuXiKhyfPSu8tUhnVBB1iKXevvnlR4Ww=="
    "resolved" "https://mirrors.cloud.tencent.com/npm/commander/-/commander-8.3.0.tgz"
    "version" "8.3.0"
  
  "dotenv@^16.0.3":
    "integrity" "sha512-7GO6HghkA5fYG9TYnNxi14/7K9f5occMlp3zXAuSxn7CKCxt9xbNWG7yF8hTCSUchlfWSe3uLmlPfigevRItzQ=="
    "resolved" "https://mirrors.cloud.tencent.com/npm/dotenv/-/dotenv-16.0.3.tgz"
    "version" "16.0.3"
  
  "elliptic@6.5.4":
    "integrity" "sha512-iLhC6ULemrljPZb+QutR5TQGB+pdW6KGD5RSegS+8sorOZT+rdQFbsQFJgvN3eRqNALqJer4oQ16YvJHlU8hzQ=="
    "resolved" "https://mirrors.cloud.tencent.com/npm/elliptic/-/elliptic-6.5.4.tgz"
    "version" "6.5.4"
    dependencies:
      "bn.js" "^4.11.9"
      "brorand" "^1.1.0"
      "hash.js" "^1.0.0"
      "hmac-drbg" "^1.0.1"
      "inherits" "^2.0.4"
      "minimalistic-assert" "^1.0.1"
      "minimalistic-crypto-utils" "^1.0.1"
  
  "ethers@^5.7.2":
    "integrity" "sha512-wswUsmWo1aOK8rR7DIKiWSw9DbLWe6x98Jrn8wcTflTVvaXhAMaB5zGAXy0GYQEQp9iO1iSHWVyARQm11zUtyg=="
    "resolved" "https://mirrors.cloud.tencent.com/npm/ethers/-/ethers-5.7.2.tgz"
    "version" "5.7.2"
    dependencies:
      "@ethersproject/abi" "5.7.0"
      "@ethersproject/abstract-provider" "5.7.0"
      "@ethersproject/abstract-signer" "5.7.0"
      "@ethersproject/address" "5.7.0"
      "@ethersproject/base64" "5.7.0"
      "@ethersproject/basex" "5.7.0"
      "@ethersproject/bignumber" "5.7.0"
      "@ethersproject/bytes" "5.7.0"
      "@ethersproject/constants" "5.7.0"
      "@ethersproject/contracts" "5.7.0"
      "@ethersproject/hash" "5.7.0"
      "@ethersproject/hdnode" "5.7.0"
      "@ethersproject/json-wallets" "5.7.0"
      "@ethersproject/keccak256" "5.7.0"
      "@ethersproject/logger" "5.7.0"
      "@ethersproject/networks" "5.7.1"
      "@ethersproject/pbkdf2" "5.7.0"
      "@ethersproject/properties" "5.7.0"
      "@ethersproject/providers" "5.7.2"
      "@ethersproject/random" "5.7.0"
      "@ethersproject/rlp" "5.7.0"
      "@ethersproject/sha2" "5.7.0"
      "@ethersproject/signing-key" "5.7.0"
      "@ethersproject/solidity" "5.7.0"
      "@ethersproject/strings" "5.7.0"
      "@ethersproject/transactions" "5.7.0"
      "@ethersproject/units" "5.7.0"
      "@ethersproject/wallet" "5.7.0"
      "@ethersproject/web" "5.7.1"
      "@ethersproject/wordlists" "5.7.0"
  
  "follow-redirects@^1.12.1":
    "integrity" "sha512-VQLG33o04KaQ8uYi2tVNbdrWp1QWxNNea+nmIB4EVM28v0hmP17z7aG1+wAkNzVq4KeXTq3221ye5qTJP91JwA=="
    "resolved" "https://mirrors.cloud.tencent.com/npm/follow-redirects/-/follow-redirects-1.15.2.tgz"
    "version" "1.15.2"
  
  "fs-extra@^11.1.0":
    "integrity" "sha512-0rcTq621PD5jM/e0a3EJoGC/1TC5ZBCERW82LQuwfGnCa1V8w7dpYH1yNu+SLb6E5dkeCBzKEyLGlFrnr+dUyw=="
    "resolved" "https://mirrors.cloud.tencent.com/npm/fs-extra/-/fs-extra-11.1.0.tgz"
    "version" "11.1.0"
    dependencies:
      "graceful-fs" "^4.2.0"
      "jsonfile" "^6.0.1"
      "universalify" "^2.0.0"
  
  "graceful-fs@^4.1.6", "graceful-fs@^4.2.0":
    "integrity" "sha512-9ByhssR2fPVsNZj478qUUbKfmL0+t5BDVyjShtyZZLiK7ZDAArFFfopyOTj0M05wE2tJPisA4iTnnXl2YoPvOA=="
    "resolved" "https://mirrors.cloud.tencent.com/npm/graceful-fs/-/graceful-fs-4.2.10.tgz"
    "version" "4.2.10"
  
  "hash.js@^1.0.0", "hash.js@^1.0.3", "hash.js@1.1.7":
    "integrity" "sha512-taOaskGt4z4SOANNseOviYDvjEJinIkRgmp7LbKP2YTTmVxWBl87s/uzK9r+44BclBSp2X7K1hqeNfz9JbBeXA=="
    "resolved" "https://mirrors.cloud.tencent.com/npm/hash.js/-/hash.js-1.1.7.tgz"
    "version" "1.1.7"
    dependencies:
      "inherits" "^2.0.3"
      "minimalistic-assert" "^1.0.1"
  
  "hmac-drbg@^1.0.1":
    "integrity" "sha1-0nRXAQJabHdabFRXk+1QL8DGSaE="
    "resolved" "https://mirrors.cloud.tencent.com/npm/hmac-drbg/-/hmac-drbg-1.0.1.tgz"
    "version" "1.0.1"
    dependencies:
      "hash.js" "^1.0.3"
      "minimalistic-assert" "^1.0.0"
      "minimalistic-crypto-utils" "^1.0.1"
  
  "inherits@^2.0.3", "inherits@^2.0.4":
    "integrity" "sha512-k/vGaX4/Yla3WzyMCvTQOXYeIHvqOKtnqBduzTHpzpQZzAskKMhZ2K+EnBiSM9zGSoIFeMpXKxa4dYeZIQqewQ=="
    "resolved" "https://mirrors.cloud.tencent.com/npm/inherits/-/inherits-2.0.4.tgz"
    "version" "2.0.4"
  
  "js-sha3@0.8.0":
    "integrity" "sha512-gF1cRrHhIzNfToc802P800N8PpXS+evLLXfsVpowqmAFR9uwbi89WvXg2QspOmXL8QL86J4T1EpFu+yUkwJY3Q=="
    "resolved" "https://mirrors.cloud.tencent.com/npm/js-sha3/-/js-sha3-0.8.0.tgz"
    "version" "0.8.0"
  
  "jsonfile@^6.0.1":
    "integrity" "sha512-5dgndWOriYSm5cnYaJNhalLNDKOqFwyDB/rr1E9ZsGciGvKPs8R2xYGCacuf3z6K1YKDz182fd+fY3cn3pMqXQ=="
    "resolved" "https://mirrors.cloud.tencent.com/npm/jsonfile/-/jsonfile-6.1.0.tgz"
    "version" "6.1.0"
    dependencies:
      "universalify" "^2.0.0"
    optionalDependencies:
      "graceful-fs" "^4.1.6"
  
  "lru-cache@^6.0.0":
    "integrity" "sha512-Jo6dJ04CmSjuznwJSS3pUeWmd/H0ffTlkXXgwZi+eq1UCmqQwCh+eLsYOYCwY991i2Fah4h1BEMCx4qThGbsiA=="
    "resolved" "https://mirrors.cloud.tencent.com/npm/lru-cache/-/lru-cache-6.0.0.tgz"
    "version" "6.0.0"
    dependencies:
      "yallist" "^4.0.0"
  
  "memorystream@^0.3.1":
    "integrity" "sha1-htcJCzDORV1j+64S3aUaR93K+bI="
    "resolved" "https://mirrors.cloud.tencent.com/npm/memorystream/-/memorystream-0.3.1.tgz"
    "version" "0.3.1"
  
  "minimalistic-assert@^1.0.0", "minimalistic-assert@^1.0.1":
    "integrity" "sha512-UtJcAD4yEaGtjPezWuO9wC4nwUnVH/8/Im3yEHQP4b67cXlD/Qr9hdITCU1xDbSEXg2XKNaP8jsReV7vQd00/A=="
    "resolved" "https://mirrors.cloud.tencent.com/npm/minimalistic-assert/-/minimalistic-assert-1.0.1.tgz"
    "version" "1.0.1"
  
  "minimalistic-crypto-utils@^1.0.1":
    "integrity" "sha1-9sAMHAsIIkblxNmd+4x8CDsrWCo="
    "resolved" "https://mirrors.cloud.tencent.com/npm/minimalistic-crypto-utils/-/minimalistic-crypto-utils-1.0.1.tgz"
    "version" "1.0.1"
  
  "os-tmpdir@~1.0.2":
    "integrity" "sha1-u+Z0BseaqFxc/sdm/lc0VV36EnQ="
    "resolved" "https://mirrors.cloud.tencent.com/npm/os-tmpdir/-/os-tmpdir-1.0.2.tgz"
    "version" "1.0.2"
  
  "prettier-plugin-solidity@^1.1.1":
    "integrity" "sha512-uD24KO26tAHF+zMN2nt1OUzfknzza5AgxjogQQrMLZc7j8xiQrDoNWNeOlfFC0YLTwo12CLD10b9niLyP6AqXg=="
    "resolved" "https://mirrors.cloud.tencent.com/npm/prettier-plugin-solidity/-/prettier-plugin-solidity-1.1.1.tgz"
    "version" "1.1.1"
    dependencies:
      "@solidity-parser/parser" "^0.14.5"
      "semver" "^7.3.8"
      "solidity-comments-extractor" "^0.0.7"
  
  "prettier@>=2.3.0 || >=3.0.0-alpha.0":
    "integrity" "sha512-tJ/oJ4amDihPoufT5sM0Z1SKEuKay8LfVAMlbbhnnkvt6BUserZylqo2PN+p9KeljLr0OHa2rXHU1T8reeoTrw=="
    "resolved" "https://mirrors.cloud.tencent.com/npm/prettier/-/prettier-2.8.3.tgz"
    "version" "2.8.3"
  
  "scrypt-js@3.0.1":
    "integrity" "sha512-cdwTTnqPu0Hyvf5in5asVdZocVDTNRmR7XEcJuIzMjJeSHybHl7vpB66AzwTaIg6CLSbtjcxc8fqcySfnTkccA=="
    "resolved" "https://mirrors.cloud.tencent.com/npm/scrypt-js/-/scrypt-js-3.0.1.tgz"
    "version" "3.0.1"
  
  "semver@^5.5.0":
    "integrity" "sha512-sauaDf/PZdVgrLTNYHRtpXa1iRiKcaebiKQ1BJdpQlWH2lCvexQdX55snPFyK7QzpudqbCI0qXFfOasHdyNDGQ=="
    "resolved" "https://mirrors.cloud.tencent.com/npm/semver/-/semver-5.7.1.tgz"
    "version" "5.7.1"
  
  "semver@^7.3.8":
    "integrity" "sha512-NB1ctGL5rlHrPJtFDVIVzTyQylMLu9N9VICA6HSFJo8MCGVTMW6gfpicwKmmK/dAjTOrqu5l63JJOpDSrAis3A=="
    "resolved" "https://mirrors.cloud.tencent.com/npm/semver/-/semver-7.3.8.tgz"
    "version" "7.3.8"
    dependencies:
      "lru-cache" "^6.0.0"
  
  "solc@^0.8.17":
    "integrity" "sha512-Dtidk2XtTTmkB3IKdyeg6wLYopJnBVxdoykN8oP8VY3PQjN16BScYoUJTXFm2OP7P0hXNAqWiJNmmfuELtLf8g=="
    "resolved" "https://mirrors.cloud.tencent.com/npm/solc/-/solc-0.8.17.tgz"
    "version" "0.8.17"
    dependencies:
      "command-exists" "^1.2.8"
      "commander" "^8.1.0"
      "follow-redirects" "^1.12.1"
      "js-sha3" "0.8.0"
      "memorystream" "^0.3.1"
      "semver" "^5.5.0"
      "tmp" "0.0.33"
  
  "solidity-comments-extractor@^0.0.7":
    "integrity" "sha512-wciNMLg/Irp8OKGrh3S2tfvZiZ0NEyILfcRCXCD4mp7SgK/i9gzLfhY2hY7VMCQJ3kH9UB9BzNdibIVMchzyYw=="
    "resolved" "https://mirrors.cloud.tencent.com/npm/solidity-comments-extractor/-/solidity-comments-extractor-0.0.7.tgz"
    "version" "0.0.7"
  
  "tmp@0.0.33":
    "integrity" "sha512-jRCJlojKnZ3addtTOjdIqoRuPEKBvNXcGYqzO6zWZX8KfKEpnGY5jfggJQ3EjKuu8D4bJRr0y+cYJFmYbImXGw=="
    "resolved" "https://mirrors.cloud.tencent.com/npm/tmp/-/tmp-0.0.33.tgz"
    "version" "0.0.33"
    dependencies:
      "os-tmpdir" "~1.0.2"
  
  "universalify@^2.0.0":
    "integrity" "sha512-hAZsKq7Yy11Zu1DE0OzWjw7nnLZmJZYTDZZyEFHZdUhV8FkH5MCfoU1XMaxXovpyW5nq5scPqq0ZDP9Zyl04oQ=="
    "resolved" "https://mirrors.cloud.tencent.com/npm/universalify/-/universalify-2.0.0.tgz"
    "version" "2.0.0"
  
  "ws@7.4.6":
    "integrity" "sha512-YmhHDO4MzaDLB+M9ym/mDA5z0naX8j7SIlT8f8z+I0VtzsRbekxEutHSme7NPS2qE8StCYQNUnfWdXta/Yu85A=="
    "resolved" "https://mirrors.cloud.tencent.com/npm/ws/-/ws-7.4.6.tgz"
    "version" "7.4.6"
  
  "yallist@^4.0.0":
    "integrity" "sha512-3wdGidZyq5PB084XLES5TpOSRA3wjXAlIWMhum2kRcv/41Sn2emQ0dycQW4uZXLejwKvg6EsvbdlVL+FYEct7A=="
    "resolved" "https://mirrors.cloud.tencent.com/npm/yallist/-/yallist-4.0.0.tgz"
    "version" "4.0.0"
